<?xml version="1.0" encoding="UTF-8"?>
<!-- Generated by org.testng.reporters.JUnitXMLReporter -->
<testsuite ignored="0" hostname="RonaldTolentino" failures="0" tests="9" name="Test" time="36.174" errors="0" timestamp="2025-05-22T19:57:38 PST">
  <testcase classname="testCases.TC001_ValidateRegistration" name="register" time="1.503"/>
  <testcase classname="testCases.TC002_LoginTest" name="login" time="2.051"/>
  <testcase classname="testCases.TC003_Login_DataDrivenTest" name="loginDDT" time="1.592"/>
  <testcase classname="testCases.TC003_Login_DataDrivenTest" name="loginDDT" time="1.907"/>
  <testcase classname="testCases.TC003_Login_DataDrivenTest" name="loginDDT" time="1.535"/>
  <testcase classname="testCases.TC003_Login_DataDrivenTest" name="loginDDT" time="3.814"/>
  <testcase classname="testCases.TC003_Login_DataDrivenTest" name="loginDDT" time="1.498"/>
  <testcase classname="testCases.TC003_Login_DataDrivenTest" name="loginDDT" time="4.34"/>
  <testcase classname="testCases.TC003_Login_DataDrivenTest" name="loginDDT" time="4.203"/>
</testsuite> <!-- Test -->
