<?xml version="1.0" encoding="UTF-8"?>
<!-- Generated by org.testng.reporters.JUnitXMLReporter -->
<testsuite ignored="0" hostname="RonaldTolentino" failures="0" tests="9" name="Test" time="37.703" errors="0" timestamp="2025-05-22T19:38:47 PST">
  <testcase classname="testCases.TC001_ValidateRegistration" name="register" time="1.881"/>
  <testcase classname="testCases.TC002_LoginTest" name="login" time="1.406"/>
  <testcase classname="testCases.TC003_Login_DataDrivenTest" name="loginDDT" time="1.614"/>
  <testcase classname="testCases.TC003_Login_DataDrivenTest" name="loginDDT" time="1.786"/>
  <testcase classname="testCases.TC003_Login_DataDrivenTest" name="loginDDT" time="1.827"/>
  <testcase classname="testCases.TC003_Login_DataDrivenTest" name="loginDDT" time="3.57"/>
  <testcase classname="testCases.TC003_Login_DataDrivenTest" name="loginDDT" time="1.504"/>
  <testcase classname="testCases.TC003_Login_DataDrivenTest" name="loginDDT" time="3.622"/>
  <testcase classname="testCases.TC003_Login_DataDrivenTest" name="loginDDT" time="3.443"/>
</testsuite> <!-- Test -->
