<?xml version="1.0" encoding="UTF-8"?>
<testng-results ignored="0" total="9" passed="9" failed="0" skipped="0">
  <reporter-output>
  </reporter-output>
  <suite started-at="2025-05-22T19:57:00 PST" name="Master Suite" finished-at="2025-05-22T19:57:36 PST" duration-ms="36174">
    <groups>
      <group name="Master">
        <method signature="TC001_ValidateRegistration.register()[pri:0, instance:testCases.TC001_ValidateRegistration@63355449]" name="register" class="testCases.TC001_ValidateRegistration"/>
        <method signature="TC002_LoginTest.login()[pri:0, instance:testCases.TC002_LoginTest@21de60b4]" name="login" class="testCases.TC002_LoginTest"/>
      </group> <!-- Master -->
      <group name="Sanity">
        <method signature="TC001_ValidateRegistration.register()[pri:0, instance:testCases.TC001_ValidateRegistration@63355449]" name="register" class="testCases.TC001_ValidateRegistration"/>
      </group> <!-- Sanity -->
      <group name="DataDriven">
        <method signature="TC003_Login_DataDrivenTest.loginDDT(java.lang.String,java.lang.String,java.lang.String)[pri:0, instance:testCases.TC003_Login_DataDrivenTest@c267ef4]" name="loginDDT" class="testCases.TC003_Login_DataDrivenTest"/>
      </group> <!-- DataDriven -->
      <group name="Regression">
        <method signature="TC001_ValidateRegistration.register()[pri:0, instance:testCases.TC001_ValidateRegistration@63355449]" name="register" class="testCases.TC001_ValidateRegistration"/>
        <method signature="TC002_LoginTest.login()[pri:0, instance:testCases.TC002_LoginTest@21de60b4]" name="login" class="testCases.TC002_LoginTest"/>
      </group> <!-- Regression -->
    </groups>
    <test started-at="2025-05-22T19:57:00 PST" name="Test" finished-at="2025-05-22T19:57:36 PST" duration-ms="36174">
      <class name="testCases.TC001_ValidateRegistration">
        <test-method is-config="true" signature="setup(java.lang.String,java.lang.String)[pri:0, instance:testCases.TC001_ValidateRegistration@63355449]" started-at="2025-05-22T19:57:00 PST" name="setup" finished-at="2025-05-22T19:57:02 PST" duration-ms="2192" status="PASS">
          <params>
            <param index="0">
              <value>
                <![CDATA[windows]]>
              </value>
            </param>
            <param index="1">
              <value>
                <![CDATA[chrome]]>
              </value>
            </param>
          </params>
          <reporter-output>
          </reporter-output>
        </test-method> <!-- setup -->
        <test-method signature="register()[pri:0, instance:testCases.TC001_ValidateRegistration@63355449]" started-at="2025-05-22T19:57:02 PST" name="register" finished-at="2025-05-22T19:57:04 PST" duration-ms="1503" status="PASS">
          <reporter-output>
          </reporter-output>
        </test-method> <!-- register -->
        <test-method is-config="true" signature="teardown()[pri:0, instance:testCases.TC001_ValidateRegistration@63355449]" started-at="2025-05-22T19:57:04 PST" name="teardown" finished-at="2025-05-22T19:57:06 PST" duration-ms="2248" status="PASS">
          <reporter-output>
          </reporter-output>
        </test-method> <!-- teardown -->
      </class> <!-- testCases.TC001_ValidateRegistration -->
      <class name="testCases.TC002_LoginTest">
        <test-method is-config="true" signature="setup(java.lang.String,java.lang.String)[pri:0, instance:testCases.TC002_LoginTest@21de60b4]" started-at="2025-05-22T19:57:06 PST" name="setup" finished-at="2025-05-22T19:57:08 PST" duration-ms="1501" status="PASS">
          <params>
            <param index="0">
              <value>
                <![CDATA[windows]]>
              </value>
            </param>
            <param index="1">
              <value>
                <![CDATA[chrome]]>
              </value>
            </param>
          </params>
          <reporter-output>
          </reporter-output>
        </test-method> <!-- setup -->
        <test-method signature="login()[pri:0, instance:testCases.TC002_LoginTest@21de60b4]" started-at="2025-05-22T19:57:08 PST" name="login" finished-at="2025-05-22T19:57:10 PST" duration-ms="2051" status="PASS">
          <reporter-output>
          </reporter-output>
        </test-method> <!-- login -->
        <test-method is-config="true" signature="teardown()[pri:0, instance:testCases.TC002_LoginTest@21de60b4]" started-at="2025-05-22T19:57:10 PST" name="teardown" finished-at="2025-05-22T19:57:12 PST" duration-ms="2291" status="PASS">
          <reporter-output>
          </reporter-output>
        </test-method> <!-- teardown -->
      </class> <!-- testCases.TC002_LoginTest -->
      <class name="testCases.TC003_Login_DataDrivenTest">
        <test-method is-config="true" signature="setup(java.lang.String,java.lang.String)[pri:0, instance:testCases.TC003_Login_DataDrivenTest@c267ef4]" started-at="2025-05-22T19:57:12 PST" name="setup" finished-at="2025-05-22T19:57:13 PST" duration-ms="1495" status="PASS">
          <params>
            <param index="0">
              <value>
                <![CDATA[windows]]>
              </value>
            </param>
            <param index="1">
              <value>
                <![CDATA[chrome]]>
              </value>
            </param>
          </params>
          <reporter-output>
          </reporter-output>
        </test-method> <!-- setup -->
        <test-method signature="loginDDT(java.lang.String,java.lang.String,java.lang.String)[pri:0, instance:testCases.TC003_Login_DataDrivenTest@c267ef4]" started-at="2025-05-22T19:57:15 PST" name="loginDDT" data-provider="LoginData" finished-at="2025-05-22T19:57:16 PST" duration-ms="1592" status="PASS">
          <params>
            <param index="0">
              <value>
                <![CDATA[testqa1@gmail.com]]>
              </value>
            </param>
            <param index="1">
              <value>
                <![CDATA[ghf@test1fg]]>
              </value>
            </param>
            <param index="2">
              <value>
                <![CDATA[Valid]]>
              </value>
            </param>
          </params>
          <reporter-output>
          </reporter-output>
        </test-method> <!-- loginDDT -->
        <test-method signature="loginDDT(java.lang.String,java.lang.String,java.lang.String)[pri:0, instance:testCases.TC003_Login_DataDrivenTest@c267ef4]" started-at="2025-05-22T19:57:16 PST" name="loginDDT" data-provider="LoginData" finished-at="2025-05-22T19:57:18 PST" duration-ms="1907" status="PASS">
          <params>
            <param index="0">
              <value>
                <![CDATA[lakshmi@yahoo.com]]>
              </value>
            </param>
            <param index="1">
              <value>
                <![CDATA[Laxmi]]>
              </value>
            </param>
            <param index="2">
              <value>
                <![CDATA[Valid]]>
              </value>
            </param>
          </params>
          <reporter-output>
          </reporter-output>
        </test-method> <!-- loginDDT -->
        <test-method signature="loginDDT(java.lang.String,java.lang.String,java.lang.String)[pri:0, instance:testCases.TC003_Login_DataDrivenTest@c267ef4]" started-at="2025-05-22T19:57:18 PST" name="loginDDT" data-provider="LoginData" finished-at="2025-05-22T19:57:20 PST" duration-ms="1535" status="PASS">
          <params>
            <param index="0">
              <value>
                <![CDATA[laksh@yahoo.com]]>
              </value>
            </param>
            <param index="1">
              <value>
                <![CDATA[Lakshmi]]>
              </value>
            </param>
            <param index="2">
              <value>
                <![CDATA[Valid]]>
              </value>
            </param>
          </params>
          <reporter-output>
          </reporter-output>
        </test-method> <!-- loginDDT -->
        <test-method signature="loginDDT(java.lang.String,java.lang.String,java.lang.String)[pri:0, instance:testCases.TC003_Login_DataDrivenTest@c267ef4]" started-at="2025-05-22T19:57:20 PST" name="loginDDT" data-provider="LoginData" finished-at="2025-05-22T19:57:24 PST" duration-ms="3814" status="PASS">
          <params>
            <param index="0">
              <value>
                <![CDATA[laks@yahoo.com]]>
              </value>
            </param>
            <param index="1">
              <value>
                <![CDATA[xyz]]>
              </value>
            </param>
            <param index="2">
              <value>
                <![CDATA[Invalid]]>
              </value>
            </param>
          </params>
          <reporter-output>
          </reporter-output>
        </test-method> <!-- loginDDT -->
        <test-method signature="loginDDT(java.lang.String,java.lang.String,java.lang.String)[pri:0, instance:testCases.TC003_Login_DataDrivenTest@c267ef4]" started-at="2025-05-22T19:57:24 PST" name="loginDDT" data-provider="LoginData" finished-at="2025-05-22T19:57:25 PST" duration-ms="1498" status="PASS">
          <params>
            <param index="0">
              <value>
                <![CDATA[abc123@gmail.com]]>
              </value>
            </param>
            <param index="1">
              <value>
                <![CDATA[test@123]]>
              </value>
            </param>
            <param index="2">
              <value>
                <![CDATA[Valid]]>
              </value>
            </param>
          </params>
          <reporter-output>
          </reporter-output>
        </test-method> <!-- loginDDT -->
        <test-method signature="loginDDT(java.lang.String,java.lang.String,java.lang.String)[pri:0, instance:testCases.TC003_Login_DataDrivenTest@c267ef4]" started-at="2025-05-22T19:57:25 PST" name="loginDDT" data-provider="LoginData" finished-at="2025-05-22T19:57:30 PST" duration-ms="4340" status="PASS">
          <params>
            <param index="0">
              <value>
                <![CDATA[]]>
              </value>
            </param>
            <param index="1">
              <value>
                <![CDATA[test@123]]>
              </value>
            </param>
            <param index="2">
              <value>
                <![CDATA[Invalid]]>
              </value>
            </param>
          </params>
          <reporter-output>
          </reporter-output>
        </test-method> <!-- loginDDT -->
        <test-method signature="loginDDT(java.lang.String,java.lang.String,java.lang.String)[pri:0, instance:testCases.TC003_Login_DataDrivenTest@c267ef4]" started-at="2025-05-22T19:57:30 PST" name="loginDDT" data-provider="LoginData" finished-at="2025-05-22T19:57:34 PST" duration-ms="4203" status="PASS">
          <params>
            <param index="0">
              <value>
                <![CDATA[laks@yahoo.com]]>
              </value>
            </param>
            <param index="1">
              <value>
                <![CDATA[]]>
              </value>
            </param>
            <param index="2">
              <value>
                <![CDATA[Invalid]]>
              </value>
            </param>
          </params>
          <reporter-output>
          </reporter-output>
        </test-method> <!-- loginDDT -->
        <test-method is-config="true" signature="teardown()[pri:0, instance:testCases.TC003_Login_DataDrivenTest@c267ef4]" started-at="2025-05-22T19:57:34 PST" name="teardown" finished-at="2025-05-22T19:57:36 PST" duration-ms="2280" status="PASS">
          <reporter-output>
          </reporter-output>
        </test-method> <!-- teardown -->
      </class> <!-- testCases.TC003_Login_DataDrivenTest -->
    </test> <!-- Test -->
  </suite> <!-- Master Suite -->
</testng-results>
