<?xml version="1.0" encoding="UTF-8"?>
<!-- Generated by org.testng.reporters.JUnitXMLReporter -->
<testsuite ignored="1" hostname="RonaldTolentino" failures="1" tests="2" name="Test" time="11.985" errors="0" timestamp="2025-05-14T23:29:05 PST">
  <testcase classname="testCases.TC001_ValidateRegistration" name="register" time="1.609">
    <failure type="java.lang.AssertionError" message="expected [true] but found [false]">
      <![CDATA[java.lang.AssertionError: expected [true] but found [false]
at testCases.TC001_ValidateRegistration.register(TC001_ValidateRegistration.java:52)
at java.base/java.util.ArrayList.forEach(ArrayList.java:1596)
... Removed 29 stack frames]]>
    </failure>
  </testcase> <!-- register -->
  <testcase classname="testCases.TC002_LoginTest" name="login" time="1.311"/>
  <testcase classname="testCases.TC003_Login_DataDrivenTest" name="loginDDT" time="0.0">
    <ignored/>
  </testcase> <!-- loginDDT -->
</testsuite> <!-- Test -->
